Arguments: 
  /usr/bin/node /usr/share/yarn/bin/yarn.js install

PATH: 
  /home/birdj/.rvm/gems/ruby-2.7.2/bin:/home/birdj/.rvm/gems/ruby-2.7.2@global/bin:/home/birdj/.rvm/rubies/ruby-2.7.2/bin:/usr/local/sbin:/usr/local/bin:/usr/sbin:/usr/bin:/sbin:/bin:/usr/games:/usr/local/games:/mnt/c/Program Files/WindowsApps/CanonicalGroupLimited.UbuntuonWindows_2004.2021.222.0_x64__79rhkp1fndgsc:/mnt/c/Python39/Scripts/:/mnt/c/Python39/:/mnt/c/Program Files (x86)/Common Files/Oracle/Java/javapath:/mnt/c/Windows/system32:/mnt/c/Windows:/mnt/c/Windows/System32/Wbem:/mnt/c/Windows/System32/WindowsPowerShell/v1.0/:/mnt/c/Windows/System32/OpenSSH/:/mnt/c/Program Files/nodejs/:/mnt/c/ProgramData/chocolatey/bin:/mnt/c/Program Files/Git/cmd:/mnt/d/batch:/mnt/c/Program Files/PostgreSQL/12/bin:/mnt/c/Users/supervisor/AppData/Local/Microsoft/WindowsApps:/mnt/c/Users/supervisor/AppData/Local/Programs/Microsoft VS Code/bin:/mnt/c/Users/supervisor/AppData/Roaming/npm:/snap/bin:/home/birdj/.rvm/bin:/home/birdj/.rvm/bin

Yarn version: 
  1.22.5

Node version: 
  10.24.0

Platform: 
  linux x64

Trace: 
  SyntaxError: /home/birdj/shopping-cart-v2/package.json: Unexpected token } in JSON at position 243
      at JSON.parse (<anonymous>)
      at /usr/share/yarn/lib/cli.js:1625:59
      at Generator.next (<anonymous>)
      at step (/usr/share/yarn/lib/cli.js:310:30)
      at /usr/share/yarn/lib/cli.js:321:13

npm manifest: 
  {
    "name": "shopping_cart",
    "version": "2.0.0",
    "license": "MIT",
    "scripts": {
      "dev": "parcel src/index.html",
      "build": "parcel build src/index.html"
    },
    "devDependencies": {
      "@fortawesome/fontawesome-free": "^5.15.3",
    },
    "dependencies": {
      "bootstrap": "^4.6.0"
    }
  }

yarn manifest: 
  No manifest

Lockfile: 
  No lockfile
